2020-06-17 08:42:37 Error: [MissingControllerException] Controller class NullController could not be found.
#0 C:\xampp\htdocs\rubee\app\webroot\index.php(92): Dispatcher->dispatch(Object(CakeRequest), Object(CakeResponse))
#1 {main}
2020-06-17 10:43:21 Error: [MissingControllerException] Controller class NullController could not be found.
#0 C:\xampp\htdocs\rubee\app\webroot\index.php(92): Dispatcher->dispatch(Object(CakeRequest), Object(CakeResponse))
#1 {main}
2020-06-17 10:43:58 Error: [MissingControllerException] Controller class NullController could not be found.
#0 C:\xampp\htdocs\rubee\app\webroot\index.php(92): Dispatcher->dispatch(Object(CakeRequest), Object(CakeResponse))
#1 {main}
2020-06-17 10:43:58 Error: Fatal Error (64): Cannot use isset() on the result of an expression (you can use "null !== expression" instead) in [C:\xampp\htdocs\rubee\app\Controller\AppController.php, line 54]
2020-06-17 10:43:58 Error: [FatalErrorException] Cannot use isset() on the result of an expression (you can use "null !== expression" instead)
#0 C:\xampp\htdocs\rubee\lib\Cake\Error\ErrorHandler.php(162): ErrorHandler::handleFatalError(64, 'Cannot use isse...', 'C:\\xampp\\htdocs...', 54)
#1 [internal function]: ErrorHandler::handleError(64, 'Cannot use isse...', 'C:\\xampp\\htdocs...', 54, Array)
#2 C:\xampp\htdocs\rubee\lib\Cake\Core\App.php(926): call_user_func('ErrorHandler::h...', 64, 'Cannot use isse...', 'C:\\xampp\\htdocs...', 54, Array)
#3 C:\xampp\htdocs\rubee\lib\Cake\Core\App.php(899): App::_checkFatalError()
#4 [internal function]: App::shutdown()
#5 {main}
2020-06-17 10:43:59 Error: Fatal Error (64): Cannot use isset() on the result of an expression (you can use "null !== expression" instead) in [C:\xampp\htdocs\rubee\app\Controller\AppController.php, line 54]
2020-06-17 10:43:59 Error: [FatalErrorException] Cannot use isset() on the result of an expression (you can use "null !== expression" instead)
#0 C:\xampp\htdocs\rubee\lib\Cake\Error\ErrorHandler.php(162): ErrorHandler::handleFatalError(64, 'Cannot use isse...', 'C:\\xampp\\htdocs...', 54)
#1 [internal function]: ErrorHandler::handleError(64, 'Cannot use isse...', 'C:\\xampp\\htdocs...', 54, Array)
#2 C:\xampp\htdocs\rubee\lib\Cake\Core\App.php(926): call_user_func('ErrorHandler::h...', 64, 'Cannot use isse...', 'C:\\xampp\\htdocs...', 54, Array)
#3 C:\xampp\htdocs\rubee\lib\Cake\Core\App.php(899): App::_checkFatalError()
#4 [internal function]: App::shutdown()
#5 {main}
2020-06-17 10:44:20 Error: Fatal Error (64): Cannot use [] for reading in [C:\xampp\htdocs\rubee\app\Controller\AppController.php, line 54]
2020-06-17 10:44:20 Error: [FatalErrorException] Cannot use [] for reading
#0 C:\xampp\htdocs\rubee\lib\Cake\Error\ErrorHandler.php(162): ErrorHandler::handleFatalError(64, 'Cannot use [] f...', 'C:\\xampp\\htdocs...', 54)
#1 [internal function]: ErrorHandler::handleError(64, 'Cannot use [] f...', 'C:\\xampp\\htdocs...', 54, Array)
#2 C:\xampp\htdocs\rubee\lib\Cake\Core\App.php(926): call_user_func('ErrorHandler::h...', 64, 'Cannot use [] f...', 'C:\\xampp\\htdocs...', 54, Array)
#3 C:\xampp\htdocs\rubee\lib\Cake\Core\App.php(899): App::_checkFatalError()
#4 [internal function]: App::shutdown()
#5 {main}
2020-06-17 10:44:43 Error: Fatal Error (64): Cannot use [] for reading in [C:\xampp\htdocs\rubee\app\Controller\AppController.php, line 54]
2020-06-17 10:44:43 Error: [FatalErrorException] Cannot use [] for reading
#0 C:\xampp\htdocs\rubee\lib\Cake\Error\ErrorHandler.php(162): ErrorHandler::handleFatalError(64, 'Cannot use [] f...', 'C:\\xampp\\htdocs...', 54)
#1 [internal function]: ErrorHandler::handleError(64, 'Cannot use [] f...', 'C:\\xampp\\htdocs...', 54, Array)
#2 C:\xampp\htdocs\rubee\lib\Cake\Core\App.php(926): call_user_func('ErrorHandler::h...', 64, 'Cannot use [] f...', 'C:\\xampp\\htdocs...', 54, Array)
#3 C:\xampp\htdocs\rubee\lib\Cake\Core\App.php(899): App::_checkFatalError()
#4 [internal function]: App::shutdown()
#5 {main}
2020-06-17 10:44:44 Error: Fatal Error (64): Cannot use [] for reading in [C:\xampp\htdocs\rubee\app\Controller\AppController.php, line 54]
2020-06-17 10:44:44 Error: [FatalErrorException] Cannot use [] for reading
#0 C:\xampp\htdocs\rubee\lib\Cake\Error\ErrorHandler.php(162): ErrorHandler::handleFatalError(64, 'Cannot use [] f...', 'C:\\xampp\\htdocs...', 54)
#1 [internal function]: ErrorHandler::handleError(64, 'Cannot use [] f...', 'C:\\xampp\\htdocs...', 54, Array)
#2 C:\xampp\htdocs\rubee\lib\Cake\Core\App.php(926): call_user_func('ErrorHandler::h...', 64, 'Cannot use [] f...', 'C:\\xampp\\htdocs...', 54, Array)
#3 C:\xampp\htdocs\rubee\lib\Cake\Core\App.php(899): App::_checkFatalError()
#4 [internal function]: App::shutdown()
#5 {main}
2020-06-17 10:44:44 Error: Fatal Error (64): Cannot use [] for reading in [C:\xampp\htdocs\rubee\app\Controller\AppController.php, line 54]
2020-06-17 10:44:44 Error: [FatalErrorException] Cannot use [] for reading
#0 C:\xampp\htdocs\rubee\lib\Cake\Error\ErrorHandler.php(162): ErrorHandler::handleFatalError(64, 'Cannot use [] f...', 'C:\\xampp\\htdocs...', 54)
#1 [internal function]: ErrorHandler::handleError(64, 'Cannot use [] f...', 'C:\\xampp\\htdocs...', 54, Array)
#2 C:\xampp\htdocs\rubee\lib\Cake\Core\App.php(926): call_user_func('ErrorHandler::h...', 64, 'Cannot use [] f...', 'C:\\xampp\\htdocs...', 54, Array)
#3 C:\xampp\htdocs\rubee\lib\Cake\Core\App.php(899): App::_checkFatalError()
#4 [internal function]: App::shutdown()
#5 {main}
2020-06-17 10:59:27 Error: [MissingPluginException] Plugin  could not be found.
#0 C:\xampp\htdocs\rubee\lib\Cake\Routing\Filter\AssetDispatcher.php(74): CakePlugin::path('')
#1 [internal function]: AssetDispatcher->beforeDispatch(Object(CakeEvent))
#2 C:\xampp\htdocs\rubee\lib\Cake\Event\CakeEventManager.php(246): call_user_func(Array, Object(CakeEvent))
#3 C:\xampp\htdocs\rubee\lib\Cake\Routing\Dispatcher.php(141): CakeEventManager->dispatch(Object(CakeEvent))
#4 C:\xampp\htdocs\rubee\app\webroot\index.php(92): Dispatcher->dispatch(Object(CakeRequest), Object(CakeResponse))
#5 {main}
2020-06-17 10:59:28 Error: [MissingControllerException] Controller class AnimationsController could not be found.
#0 C:\xampp\htdocs\rubee\app\webroot\index.php(92): Dispatcher->dispatch(Object(CakeRequest), Object(CakeResponse))
#1 {main}
2020-06-17 11:17:39 Error: Fatal Error (4): syntax error, unexpected 'if' (T_IF), expecting function (T_FUNCTION) in [C:\xampp\htdocs\rubee\app\Controller\AppController.php, line 56]
2020-06-17 11:17:39 Error: [FatalErrorException] syntax error, unexpected 'if' (T_IF), expecting function (T_FUNCTION)
#0 C:\xampp\htdocs\rubee\lib\Cake\Error\ErrorHandler.php(162): ErrorHandler::handleFatalError(4, 'syntax error, u...', 'C:\\xampp\\htdocs...', 56)
#1 [internal function]: ErrorHandler::handleError(4, 'syntax error, u...', 'C:\\xampp\\htdocs...', 56, Array)
#2 C:\xampp\htdocs\rubee\lib\Cake\Core\App.php(926): call_user_func('ErrorHandler::h...', 4, 'syntax error, u...', 'C:\\xampp\\htdocs...', 56, Array)
#3 C:\xampp\htdocs\rubee\lib\Cake\Core\App.php(899): App::_checkFatalError()
#4 [internal function]: App::shutdown()
#5 {main}
2020-06-17 11:42:37 Error: [MissingPluginException] Plugin  could not be found.
#0 C:\xampp\htdocs\rubee\lib\Cake\Routing\Filter\AssetDispatcher.php(74): CakePlugin::path('')
#1 [internal function]: AssetDispatcher->beforeDispatch(Object(CakeEvent))
#2 C:\xampp\htdocs\rubee\lib\Cake\Event\CakeEventManager.php(246): call_user_func(Array, Object(CakeEvent))
#3 C:\xampp\htdocs\rubee\lib\Cake\Routing\Dispatcher.php(141): CakeEventManager->dispatch(Object(CakeEvent))
#4 C:\xampp\htdocs\rubee\app\webroot\index.php(92): Dispatcher->dispatch(Object(CakeRequest), Object(CakeResponse))
#5 {main}
