2020-06-16 10:46:30 Debug: Notice (8): Undefined index: order in [C:\xampp\htdocs\rubee\admin\Controller\CataloguesrecController.php, line 161]
Trace:
CataloguesrecController::changepos() - APP\Controller\CataloguesrecController.php, line 161
ReflectionMethod::invokeArgs() - [internal], line ??
Controller::invokeAction() - CORE\Cake\Controller\Controller.php, line 485
Dispatcher::_invoke() - CORE\Cake\Routing\Dispatcher.php, line 186
Dispatcher::dispatch() - CORE\Cake\Routing\Dispatcher.php, line 161
[main] - APP\webroot\index.php, line 92

2020-06-16 10:46:30 Debug: Notice (8): Undefined index: order in [C:\xampp\htdocs\rubee\admin\Controller\CataloguesrecController.php, line 161]
Trace:
CataloguesrecController::changepos() - APP\Controller\CataloguesrecController.php, line 161
ReflectionMethod::invokeArgs() - [internal], line ??
Controller::invokeAction() - CORE\Cake\Controller\Controller.php, line 485
Dispatcher::_invoke() - CORE\Cake\Routing\Dispatcher.php, line 186
Dispatcher::dispatch() - CORE\Cake\Routing\Dispatcher.php, line 161
[main] - APP\webroot\index.php, line 92

2020-06-17 10:10:52 Debug: Notice (8): Use of undefined constant status - assumed 'status' in [C:\xampp\htdocs\rubee\admin\Controller\LoginController.php, line 51]
Trace:
LoginController::write_mysql_log() - APP\Controller\LoginController.php, line 51
LoginController::login() - APP\Controller\LoginController.php, line 76
ReflectionMethod::invokeArgs() - [internal], line ??
Controller::invokeAction() - CORE\Cake\Controller\Controller.php, line 485
Dispatcher::_invoke() - CORE\Cake\Routing\Dispatcher.php, line 186
Dispatcher::dispatch() - CORE\Cake\Routing\Dispatcher.php, line 161
[main] - APP\webroot\index.php, line 92

2020-06-18 05:48:30 Debug: Notice (8): Use of undefined constant status - assumed 'status' in [C:\xampp\htdocs\rubee\admin\Controller\LoginController.php, line 51]
Trace:
LoginController::write_mysql_log() - APP\Controller\LoginController.php, line 51
LoginController::login() - APP\Controller\LoginController.php, line 76
ReflectionMethod::invokeArgs() - [internal], line ??
Controller::invokeAction() - CORE\Cake\Controller\Controller.php, line 485
Dispatcher::_invoke() - CORE\Cake\Routing\Dispatcher.php, line 186
Dispatcher::dispatch() - CORE\Cake\Routing\Dispatcher.php, line 161
[main] - APP\webroot\index.php, line 92

