2020-06-17 06:19:33 Error: Fatal Error (1): Call to a member function write_mysql_log() on null in [C:\xampp\htdocs\rubee\admin\Controller\CatproductsController.php, line 58]
2020-06-17 06:19:33 Error: [InternalErrorException] Internal Server Error
#0 C:\xampp\htdocs\rubee\lib\Cake\Error\ErrorHandler.php(162): ErrorHandler::handleFatalError(1, 'Call to a membe...', 'C:\\xampp\\htdocs...', 58)
#1 [internal function]: ErrorHandler::handleError(1, 'Call to a membe...', 'C:\\xampp\\htdocs...', 58, Array)
#2 C:\xampp\htdocs\rubee\lib\Cake\Core\App.php(926): call_user_func('ErrorHandler::h...', 1, 'Call to a membe...', 'C:\\xampp\\htdocs...', 58, Array)
#3 C:\xampp\htdocs\rubee\lib\Cake\Core\App.php(899): App::_checkFatalError()
#4 [internal function]: App::shutdown()
#5 {main}
2020-06-17 06:21:36 Error: Fatal Error (4): syntax error, unexpected '$this' (T_VARIABLE), expecting function (T_FUNCTION) in [C:\xampp\htdocs\rubee\admin\Controller\CatproductsController.php, line 18]
2020-06-17 06:21:36 Error: [InternalErrorException] Internal Server Error
#0 C:\xampp\htdocs\rubee\lib\Cake\Error\ErrorHandler.php(162): ErrorHandler::handleFatalError(4, 'syntax error, u...', 'C:\\xampp\\htdocs...', 18)
#1 [internal function]: ErrorHandler::handleError(4, 'syntax error, u...', 'C:\\xampp\\htdocs...', 18, Array)
#2 C:\xampp\htdocs\rubee\lib\Cake\Core\App.php(926): call_user_func('ErrorHandler::h...', 4, 'syntax error, u...', 'C:\\xampp\\htdocs...', 18, Array)
#3 C:\xampp\htdocs\rubee\lib\Cake\Core\App.php(899): App::_checkFatalError()
#4 [internal function]: App::shutdown()
#5 {main}
2020-06-17 06:25:04 Error: Fatal Error (4): syntax error, unexpected '$this' (T_VARIABLE), expecting function (T_FUNCTION) in [C:\xampp\htdocs\rubee\admin\Controller\CatproductsController.php, line 18]
2020-06-17 06:25:04 Error: [InternalErrorException] Internal Server Error
#0 C:\xampp\htdocs\rubee\lib\Cake\Error\ErrorHandler.php(162): ErrorHandler::handleFatalError(4, 'syntax error, u...', 'C:\\xampp\\htdocs...', 18)
#1 [internal function]: ErrorHandler::handleError(4, 'syntax error, u...', 'C:\\xampp\\htdocs...', 18, Array)
#2 C:\xampp\htdocs\rubee\lib\Cake\Core\App.php(926): call_user_func('ErrorHandler::h...', 4, 'syntax error, u...', 'C:\\xampp\\htdocs...', 18, Array)
#3 C:\xampp\htdocs\rubee\lib\Cake\Core\App.php(899): App::_checkFatalError()
#4 [internal function]: App::shutdown()
#5 {main}
2020-06-17 06:25:06 Error: Fatal Error (4): syntax error, unexpected '$this' (T_VARIABLE), expecting function (T_FUNCTION) in [C:\xampp\htdocs\rubee\admin\Controller\CatproductsController.php, line 18]
2020-06-17 06:25:06 Error: [InternalErrorException] Internal Server Error
#0 C:\xampp\htdocs\rubee\lib\Cake\Error\ErrorHandler.php(162): ErrorHandler::handleFatalError(4, 'syntax error, u...', 'C:\\xampp\\htdocs...', 18)
#1 [internal function]: ErrorHandler::handleError(4, 'syntax error, u...', 'C:\\xampp\\htdocs...', 18, Array)
#2 C:\xampp\htdocs\rubee\lib\Cake\Core\App.php(926): call_user_func('ErrorHandler::h...', 4, 'syntax error, u...', 'C:\\xampp\\htdocs...', 18, Array)
#3 C:\xampp\htdocs\rubee\lib\Cake\Core\App.php(899): App::_checkFatalError()
#4 [internal function]: App::shutdown()
#5 {main}
2020-06-17 06:25:46 Error: [MissingControllerException] Controller class VendorController could not be found.
#0 C:\xampp\htdocs\rubee\admin\webroot\index.php(92): Dispatcher->dispatch(Object(CakeRequest), Object(CakeResponse))
#1 {main}
2020-06-17 06:25:49 Error: Fatal Error (1): Call to a member function write_mysql_log() on null in [C:\xampp\htdocs\rubee\admin\Controller\CatproductsController.php, line 59]
2020-06-17 06:25:49 Error: [InternalErrorException] Internal Server Error
#0 C:\xampp\htdocs\rubee\lib\Cake\Error\ErrorHandler.php(162): ErrorHandler::handleFatalError(1, 'Call to a membe...', 'C:\\xampp\\htdocs...', 59)
#1 [internal function]: ErrorHandler::handleError(1, 'Call to a membe...', 'C:\\xampp\\htdocs...', 59, Array)
#2 C:\xampp\htdocs\rubee\lib\Cake\Core\App.php(926): call_user_func('ErrorHandler::h...', 1, 'Call to a membe...', 'C:\\xampp\\htdocs...', 59, Array)
#3 C:\xampp\htdocs\rubee\lib\Cake\Core\App.php(899): App::_checkFatalError()
#4 [internal function]: App::shutdown()
#5 {main}
2020-06-17 06:29:33 Error: Fatal Error (1): Call to a member function write_mysql_log() on null in [C:\xampp\htdocs\rubee\admin\Controller\CatproductsController.php, line 60]
2020-06-17 06:29:33 Error: [InternalErrorException] Internal Server Error
#0 C:\xampp\htdocs\rubee\lib\Cake\Error\ErrorHandler.php(162): ErrorHandler::handleFatalError(1, 'Call to a membe...', 'C:\\xampp\\htdocs...', 60)
#1 [internal function]: ErrorHandler::handleError(1, 'Call to a membe...', 'C:\\xampp\\htdocs...', 60, Array)
#2 C:\xampp\htdocs\rubee\lib\Cake\Core\App.php(926): call_user_func('ErrorHandler::h...', 1, 'Call to a membe...', 'C:\\xampp\\htdocs...', 60, Array)
#3 C:\xampp\htdocs\rubee\lib\Cake\Core\App.php(899): App::_checkFatalError()
#4 [internal function]: App::shutdown()
#5 {main}
2020-06-17 06:35:22 Error: [MissingControllerException] Controller class VendorController could not be found.
#0 C:\xampp\htdocs\rubee\admin\webroot\index.php(92): Dispatcher->dispatch(Object(CakeRequest), Object(CakeResponse))
#1 {main}
2020-06-18 05:48:36 Error: [MissingControllerException] Controller class VendorController could not be found.
#0 C:\xampp\htdocs\rubee\admin\webroot\index.php(92): Dispatcher->dispatch(Object(CakeRequest), Object(CakeResponse))
#1 {main}
2020-06-18 05:49:44 Error: [MissingControllerException] Controller class VendorController could not be found.
#0 C:\xampp\htdocs\rubee\admin\webroot\index.php(92): Dispatcher->dispatch(Object(CakeRequest), Object(CakeResponse))
#1 {main}
